{"type":"server-started","port":49759,"host":"127.0.0.1","url_host":"localhost","url":"http://localhost:49759","screen_dir":"/Users/julienaubree/_projet/ogame-clone/.superpowers/brainstorm/49824-1774019721"}
{"type":"screen-added","file":"/Users/julienaubree/_projet/ogame-clone/.superpowers/brainstorm/49824-1774019721/overview-current-vs-directions.html"}
{"source":"user-event","type":"click","text":"B\n    \n      Hero immersif + cartes enrichies\n      Grand hero planete avec overlay d'infos (nom, type, coordonnees, temperature). En dessous, cartes visuellement enrichies : icones de ressources colorees, barres de stockage, timers avec barres de progression, badges de statut. La planete est la star de la page.\n      \n        ProsVisuellement impressionnantMet en valeur les images planetesAmbiance spatiale forte\n        ConsPlus de scrollInfos moins denses","choice":"b","id":null,"timestamp":1774019835848}
{"type":"screen-added","file":"/Users/julienaubree/_projet/ogame-clone/.superpowers/brainstorm/49824-1774019721/layout-cards.html"}
{"source":"user-event","type":"click","text":"Activites en cours\n            Construction Niv.5 — 2h34 restantesRecherche Niv.3 — 45min\n          \n          \n            Mouvements de flotte\n            Transport vers [1:45:8] — 12min\n          \n          \n            Evenements recents\n            Flotte arrivee il y a 5minConstruction terminee il y a 1h\n          \n        \n        \n          \n            Production\n            Min +1.2kSil +800Hyd +200\n          \n          \n            Planete\n            Aride42/180 cases-23°C a 17°C\n          \n        \n      \n    \n    \n      B — Principal + sidebar\n      Colonne large pour le contenu dynamique (activites, flottes, events). Colonne etroite pour les infos statiques (production, planete). Hierarchie naturelle.","choice":"b","id":null,"timestamp":1774020025486}
{"type":"screen-added","file":"/Users/julienaubree/_projet/ogame-clone/.superpowers/brainstorm/49824-1774019721/hero-overlay.html"}
{"source":"user-event","type":"click","text":"1\n    \n      Nom de la planete + renommage\n      Le nom en grand, cliquable pour renommer (comme actuellement)","choice":"name","id":null,"timestamp":1774020089337}
{"source":"user-event","type":"click","text":"2\n    \n      Coordonnees\n      [1:45:8] — position dans la galaxie","choice":"coords","id":null,"timestamp":1774020089857}
{"source":"user-event","type":"click","text":"5\n    \n      Temperature\n      -23°C a 17°C","choice":"temp","id":null,"timestamp":1774020100491}
{"source":"user-event","type":"click","text":"6\n    \n      Diametre\n      12 800 km","choice":"diameter","id":null,"timestamp":1774020101351}
{"source":"user-event","type":"click","text":"3\n    \n      Type de planete\n      Badge avec le type (Aride, Glacee, Gazeuse...) et ses bonus en couleur","choice":"type","id":null,"timestamp":1774020106719}
{"type":"screen-added","file":"/Users/julienaubree/_projet/ogame-clone/.superpowers/brainstorm/49824-1774019721/activity-cards-style.html"}
{"source":"user-event","type":"click","text":"⚒\n          \n          \n            \n              Mine de minerai\n              Niv. 5\n            \n            \n              \n            \n            2h 34m restantes\n          \n        \n        \n        \n          \n            ⚛\n          \n          \n            \n              Technologie laser\n              Niv. 3\n            \n            \n              \n            \n            45m 12s restantes\n          \n        \n      \n    \n    \n      B — Cards avec icone et gradient\n      Chaque activite dans sa propre mini-card avec une icone a gauche, barre de progression en gradient, et timer en dessous. Plus aerien et moderne.","choice":"b","id":null,"timestamp":1774020159232}
{"type":"screen-added","file":"/Users/julienaubree/_projet/ogame-clone/.superpowers/brainstorm/49824-1774019721/production-sidebar.html"}
{"source":"user-event","type":"click","text":"35%\n          \n          Minerai\n          +1.2k/h\n        \n        \n        \n          \n            \n              \n            \n            55%\n          \n          Silicium\n          +800/h\n        \n        \n        \n          \n            \n              \n            \n            15%\n          \n          Hydrogene\n          +200/h\n        \n      \n    \n    \n      B — Jauges circulaires\n      Cercles de progression avec pourcentage de remplissage, taux /h en dessous. Plus visuel et \"sci-fi\", mais moins d'info detaillee.","choice":"b","id":null,"timestamp":1774020222640}
{"type":"screen-added","file":"/Users/julienaubree/_projet/ogame-clone/.superpowers/brainstorm/49824-1774019721/overview-mockup.html"}
{"type":"screen-added","file":"/Users/julienaubree/_projet/ogame-clone/.superpowers/brainstorm/49824-1774019721/overview-mockup-v2.html"}
{"type":"screen-updated","file":"/Users/julienaubree/_projet/ogame-clone/.superpowers/brainstorm/49824-1774019721/overview-mockup-v2.html"}
{"type":"screen-updated","file":"/Users/julienaubree/_projet/ogame-clone/.superpowers/brainstorm/49824-1774019721/overview-mockup-v2.html"}
{"type":"server-stopped","reason":"idle timeout"}
